10-25 22:02:31 replicate_layout.action_replicate_layout 305:Plugin executed on: 'linux2'
10-25 22:02:31 replicate_layout.action_replicate_layout 306:Plugin executed with python version: '2.7.12 (default, Oct  5 2020, 13:56:01) \n[GCC 5.4.0 20160609]'
10-25 22:02:31 replicate_layout.action_replicate_layout 307:KiCad build version: 5.1.7-a382d34a8~87~ubuntu16.04.1
10-25 22:02:31 replicate_layout.action_replicate_layout 308:Replicate layout plugin version: 68 started
10-25 22:02:31 replicate_layout.action_replicate_layout 319:wx top level windows: wxWindowList: [<wx._windows.Frame; proxy of <Swig Object of type 'wxFrame *' at 0x1afa9c0> >, <wx._windows.Frame; proxy of <Swig Object of type 'wxFrame *' at 0x1c4c000> >, <wx._windows.Frame; proxy of <Swig Object of type 'wxFrame *' at 0x26c8fd0> >, <wx._windows.Frame; proxy of <Swig Object of type 'wxFrame *' at 0x505f360> >, <wx._windows.Frame; proxy of <Swig Object of type 'wxFrame *' at 0x78d08d0> >, <wx._windows.Frame; proxy of <Swig Object of type 'wxFrame *' at 0x892f2a0> >, <wx._windows.Frame; proxy of <Swig Object of type 'wxFrame *' at 0x9deb970> >, <replicate_layout.action_replicate_layout.ReplicateLayoutDialog; proxy of <Swig Object of type 'wxDialog *' at 0x7efce90> >, <replicate_layout.action_replicate_layout.ReplicateLayoutDialog; proxy of <Swig Object of type 'wxDialog *' at 0x1d628ec0> >, <wx._windows.Frame; proxy of <Swig Object of type 'wxFrame *' at 0xe6fc5d0> >, <wx._windows.Frame; proxy of <Swig Object of type 'wxFrame *' at 0x197eb030> >]
10-25 22:02:31 replicate_layout.action_replicate_layout 343:Preparing replicator with L2 as a reference
10-25 22:02:31 replicate_layout.replicatelayout 215:getting project hierarchy from schematics
10-25 22:02:31 replicate_layout.replicatelayout 217:Project hierarchy looks like:
{u'6165EBE4': [u'sheet6165EBDF', u'/home/rgw3d/1KCubeSat_Hardware/eps_board/SOLAR_INPUT.sch'], u'61651505': [u'sheet61651500', u'/home/rgw3d/1KCubeSat_Hardware/eps_board/SOLAR_INPUT.sch'], u'5FD3BACF': [u'INTERBOARD_CONNECTOR', u'/home/rgw3d/1KCubeSat_Hardware/eps_board/INTERBOARD_CONNECTOR.sch'], u'5FCD393E': [u'sheet5FCD3934', u'/home/rgw3d/1KCubeSat_Hardware/eps_board/LTC3130.sch'], u'5F301AC2': [u'SOLAR_MPPT_5V', u'/home/rgw3d/1KCubeSat_Hardware/eps_board/LTC3130.sch'], u'5F8870A6': [u'5V BOOST', u'/home/rgw3d/1KCubeSat_Hardware/eps_board/MP3414A.sch'], u'5F4CFCF6': [u'sheet5F4CFCDF', u'/home/rgw3d/1KCubeSat_Hardware/eps_board/BATTERY.sch'], u'60177EB3': [u'CURRENT_MONITORS', u'/home/rgw3d/1KCubeSat_Hardware/eps_board/CURRENT_MONITORS.sch'], u'5F301B61': [u'SOLAR_INPUT', u'/home/rgw3d/1KCubeSat_Hardware/eps_board/SOLAR_INPUT.sch'], u'620B1C86': [u'sheet620B1C5B', u'/home/rgw3d/1KCubeSat_Hardware/eps_board/CURRENT_MONITOR.sch'], u'6206D7E5': [u'sheet6206D7D7', u'/home/rgw3d/1KCubeSat_Hardware/eps_board/CURRENT_MONITOR.sch'], u'5F301C23': [u'BATTERY_CHARGER', u'/home/rgw3d/1KCubeSat_Hardware/eps_board/BATTERY_CHARGER.sch'], u'5F4CFCEF': [u'sheet5F4CFCDE', u'/home/rgw3d/1KCubeSat_Hardware/eps_board/BATTERY_CHARGER.sch'], u'5FBFFCB6': [u'PMIC', u'/home/rgw3d/1KCubeSat_Hardware/eps_board/PMIC.sch'], u'602B3ABB': [u'CAN_TRANSCEIVER', u'/home/rgw3d/1KCubeSat_Hardware/avionics_board/CAN_TRANSCEIVER.sch'], u'62057B66': [u'sheet62057B58', u'/home/rgw3d/1KCubeSat_Hardware/eps_board/CURRENT_MONITOR.sch'], u'6204229C': [u'sheet6204228E', u'/home/rgw3d/1KCubeSat_Hardware/eps_board/CURRENT_MONITOR.sch'], u'6209BA69': [u'sheet6209BA58', u'/home/rgw3d/1KCubeSat_Hardware/eps_board/CURRENT_MONITOR.sch'], u'6209BA85': [u'sheet6209BA5A', u'/home/rgw3d/1KCubeSat_Hardware/eps_board/CURRENT_MONITOR.sch'], u'620B1C6A': [u'sheet620B1C59', u'/home/rgw3d/1KCubeSat_Hardware/eps_board/CURRENT_MONITOR.sch'], u'620847A8': [u'sheet6208477D', u'/home/rgw3d/1KCubeSat_Hardware/eps_board/CURRENT_MONITOR.sch'], u'5F71F783': [u'sheet5F71F776', u'/home/rgw3d/1KCubeSat_Hardware/eps_board/IDEAL_DIODE.sch'], u'61679A36': [u'sheet61679A31', u'/home/rgw3d/1KCubeSat_Hardware/eps_board/SOLAR_INPUT.sch'], u'6208479A': [u'sheet6208477C', u'/home/rgw3d/1KCubeSat_Hardware/eps_board/CURRENT_MONITOR.sch'], u'5FEDB823': [u'OSC32_TCXO', u'/home/rgw3d/1KCubeSat_Hardware/avionics_board/OSC32_TCXO.sch'], u'620B1C94': [u'sheet620B1C5C', u'/home/rgw3d/1KCubeSat_Hardware/eps_board/CURRENT_MONITOR.sch'], u'5EAB1235': [u'DEBUG_INTERFACE', u'/home/rgw3d/1KCubeSat_Hardware/avionics_board/DEBUG_INTERFACE.sch'], u'6166C2BB': [u'sheet6166C2B6', u'/home/rgw3d/1KCubeSat_Hardware/eps_board/SOLAR_INPUT.sch'], u'5F301C6D': [u'BATTERY', u'/home/rgw3d/1KCubeSat_Hardware/eps_board/BATTERY.sch'], u'601A1647': [u'sheet601A160D', u'/home/rgw3d/1KCubeSat_Hardware/eps_board/CURRENT_MONITOR.sch'], u'616870B5': [u'sheet616870B0', u'/home/rgw3d/1KCubeSat_Hardware/eps_board/SOLAR_INPUT.sch'], u'6209BA77': [u'sheet6209BA59', u'/home/rgw3d/1KCubeSat_Hardware/eps_board/CURRENT_MONITOR.sch'], u'5EA7CBB1': [u'MRAM', u'/home/rgw3d/1KCubeSat_Hardware/avionics_board/MRAM.sch'], u'5EAB0A1F': [u'WATCHDOG', u'/home/rgw3d/1KCubeSat_Hardware/avionics_board/WATCHDOG.sch'], u'6208478C': [u'sheet6208477B', u'/home/rgw3d/1KCubeSat_Hardware/eps_board/CURRENT_MONITOR.sch'], u'620B1C78': [u'sheet620B1C5A', u'/home/rgw3d/1KCubeSat_Hardware/eps_board/CURRENT_MONITOR.sch'], u'6209BA93': [u'sheet6209BA5B', u'/home/rgw3d/1KCubeSat_Hardware/eps_board/CURRENT_MONITOR.sch'], u'620847B6': [u'sheet6208477E', u'/home/rgw3d/1KCubeSat_Hardware/eps_board/CURRENT_MONITOR.sch']}
10-25 22:02:31 replicate_layout.replicatelayout 225:getting a list of all footprints on board
10-25 22:02:31 replicate_layout.action_replicate_layout 370:source anchor footprint is u'L2'
Located on:[u'sheet5FCD3934']
With filenames:[u'LTC3130.sch']
With sheet_id:[u'sheet5FCD3934']
10-25 22:02:31 replicate_layout.action_replicate_layout 374:Corresponding footprints are 
[(u'L2', [u'sheet5FCD3934']), (u'L1', [u'SOLAR_MPPT_5V'])]
10-25 22:02:31 replicate_layout.action_replicate_layout 387:Showing dialog
10-25 22:02:31 replicate_layout.action_replicate_layout 391:Pcbnew position: wx.Point(0, -4)
10-25 22:02:31 replicate_layout.action_replicate_layout 397:Display 0: wx.Rect(0, 0, 1920, 1080)
10-25 22:02:31 replicate_layout.action_replicate_layout 401:Toolbar position: wx.Point(1678, 119)
10-25 22:02:31 replicate_layout.action_replicate_layout 408:Dialog position: wx.Point(1365, 119)
10-25 22:02:35 replicate_layout.replicatelayout 249:construcing a list of sheets suitable for replication on level:u'sheet5FCD3934', file:u'LTC3130.sch'
10-25 22:02:35 replicate_layout.replicatelayout 256:Source sheet path up to the level:[u'sheet5FCD3934']
10-25 22:02:35 replicate_layout.replicatelayout 260:Footprints on the sheets:
[u'L2', u'L1']
10-25 22:02:35 replicate_layout.replicatelayout 263:Footprints raw sheet ids:
[u'/5FCD393E/5F30C7DB', u'/5F301AC2/5F30C7DB']
10-25 22:02:35 replicate_layout.replicatelayout 279:All sheets to replicate:
[[u'sheet5FCD3934'], [u'SOLAR_MPPT_5V']]
10-25 22:02:35 replicate_layout.replicatelayout 284:All sheets to replicate sorted:
[[u'SOLAR_MPPT_5V'], [u'sheet5FCD3934']]
10-25 22:02:35 replicate_layout.replicatelayout 290:All sheets to replicate sorted and without source sheet:
[[u'SOLAR_MPPT_5V']]
10-25 22:02:48 replicate_layout.replicatelayout 249:construcing a list of sheets suitable for replication on level:u'sheet5FCD3934', file:u'LTC3130.sch'
10-25 22:02:48 replicate_layout.replicatelayout 256:Source sheet path up to the level:[u'sheet5FCD3934']
10-25 22:02:48 replicate_layout.replicatelayout 260:Footprints on the sheets:
[u'L2', u'L1']
10-25 22:02:48 replicate_layout.replicatelayout 263:Footprints raw sheet ids:
[u'/5FCD393E/5F30C7DB', u'/5F301AC2/5F30C7DB']
10-25 22:02:48 replicate_layout.replicatelayout 279:All sheets to replicate:
[[u'sheet5FCD3934'], [u'SOLAR_MPPT_5V']]
10-25 22:02:48 replicate_layout.replicatelayout 284:All sheets to replicate sorted:
[[u'SOLAR_MPPT_5V'], [u'sheet5FCD3934']]
10-25 22:02:48 replicate_layout.replicatelayout 290:All sheets to replicate sorted and without source sheet:
[[u'SOLAR_MPPT_5V']]
10-25 22:02:48 replicate_layout.action_replicate_layout 179:Replicating layout
10-25 22:02:48 replicate_layout.replicatelayout 990:Starting replication of sheets: [[u'SOLAR_MPPT_5V']]
on level: [u'sheet5FCD3934']
with tracks=True, zone=True, text=True, containing=False, remove=True, locked=False
10-25 22:02:48 root 261:updating GUI message: 'Preparing for replication'
10-25 22:02:51 root 266:updating GUI with: 0
10-25 22:02:51 replicate_layout.replicatelayout 556:Getting the list of source footprints
10-25 22:02:51 root 266:updating GUI with: 0
10-25 22:02:51 replicate_layout.replicatelayout 560:Getting the list of all the remaining footprints
10-25 22:02:51 replicate_layout.replicatelayout 564:Getting nets local to source footprints
10-25 22:02:51 replicate_layout.replicatelayout 568:Getting source bounding box
10-25 22:02:51 root 266:updating GUI with: 37
10-25 22:02:51 replicate_layout.replicatelayout 572:Getting source tracks
10-25 22:02:52 replicate_layout.replicatelayout 576:Getting source zones
10-25 22:02:52 root 266:updating GUI with: 62
10-25 22:02:52 replicate_layout.replicatelayout 580:Getting source text items
10-25 22:02:52 replicate_layout.replicatelayout 584:Getting source text items
10-25 22:02:52 root 266:updating GUI with: 87
10-25 22:02:52 root 266:updating GUI with: 100
10-25 22:02:52 replicate_layout.replicatelayout 1018:Removing tracks and zones, before module placement
10-25 22:02:52 root 261:updating GUI message: 'Removing zones and tracks'
10-25 22:02:52 root 266:updating GUI with: 0
10-25 22:02:52 root 261:updating GUI message: 'Replicating footprints'
10-25 22:02:52 root 266:updating GUI with: 0
10-25 22:02:52 replicate_layout.replicatelayout 590:Replicating footprints
10-25 22:02:52 root 266:updating GUI with: 0
10-25 22:02:52 replicate_layout.replicatelayout 596:Replicating footprints on sheet [u'SOLAR_MPPT_5V']
10-25 22:02:52 root 266:updating GUI with: 20
10-25 22:02:52 root 266:updating GUI with: 46
10-25 22:02:52 root 266:updating GUI with: 73
10-25 22:02:52 root 266:updating GUI with: 93
10-25 22:02:52 replicate_layout.replicatelayout 1026:Removing tracks and zones, after module placement
10-25 22:02:52 root 261:updating GUI message: 'Removing zones and tracks'
10-25 22:02:52 root 266:updating GUI with: 0
10-25 22:02:52 root 261:updating GUI message: 'Replicating tracks'
10-25 22:02:52 root 266:updating GUI with: 0
10-25 22:02:52 replicate_layout.replicatelayout 716:Replicating tracks
10-25 22:02:52 root 266:updating GUI with: 0
10-25 22:02:52 replicate_layout.replicatelayout 722:Replicating tracks on sheet [u'SOLAR_MPPT_5V']
10-25 22:02:52 root 266:updating GUI with: 0
10-25 22:02:52 root 266:updating GUI with: 1
10-25 22:02:52 root 266:updating GUI with: 2
10-25 22:02:53 root 266:updating GUI with: 3
10-25 22:02:53 root 266:updating GUI with: 4
10-25 22:02:53 root 266:updating GUI with: 61
10-25 22:02:53 root 266:updating GUI with: 62
10-25 22:02:53 root 266:updating GUI with: 63
10-25 22:02:53 root 261:updating GUI message: 'Replicating zones'
10-25 22:02:53 replicate_layout.replicatelayout 767:Replicating zones
10-25 22:02:53 root 266:updating GUI with: 0
10-25 22:02:53 replicate_layout.replicatelayout 774:Replicating zones on sheet [u'SOLAR_MPPT_5V']
10-25 22:02:53 root 266:updating GUI with: 7
10-25 22:02:53 replicate_layout.replicatelayout 812:Skipping replication of a zone on copper layer without a net
10-25 22:02:53 replicate_layout.replicatelayout 812:Skipping replication of a zone on copper layer without a net
10-25 22:02:53 replicate_layout.replicatelayout 812:Skipping replication of a zone on copper layer without a net
10-25 22:02:53 replicate_layout.replicatelayout 812:Skipping replication of a zone on copper layer without a net
10-25 22:02:53 replicate_layout.replicatelayout 812:Skipping replication of a zone on copper layer without a net
10-25 22:02:53 root 261:updating GUI message: 'Replicating text'
10-25 22:02:53 replicate_layout.replicatelayout 833:Replicating text
10-25 22:02:53 root 266:updating GUI with: 0
10-25 22:02:53 replicate_layout.replicatelayout 840:Replicating text on sheet [u'SOLAR_MPPT_5V']
10-25 22:02:53 root 261:updating GUI message: 'Replicating drawings'
10-25 22:02:53 replicate_layout.replicatelayout 864:Replicating drawings
10-25 22:02:53 root 266:updating GUI with: 0
10-25 22:02:53 replicate_layout.replicatelayout 870:Replicating drawings on sheet [u'SOLAR_MPPT_5V']
10-25 22:02:53 replicate_layout.action_replicate_layout 201:Replication complete
